# JRE version: OpenJDK Runtime Environment (11.0.12) (build 11.0.12+0-b1504.28-7817840)
# Java VM: OpenJDK 64-Bit Server VM (11.0.12+0-b1504.28-7817840, mixed mode, tiered, compressed oops, g1 gc, bsd-aarch64)
Heap:
 garbage-first heap   total 328704K, used 264271K [0x0000000740000000, 0x00000007c0000000)
  region size 1024K, 137 young (140288K), 13 survivors (13312K)
 Metaspace       used 141849K, capacity 147406K, committed 147904K, reserved 1177600K
  class space    used 17471K, capacity 19548K, committed 19968K, reserved 1048576K
GC Heap History (20 events):
Event: 2728.509 GC heap after
{Heap after GC invocations=157 (full 0):
 garbage-first heap   total 328704K, used 139273K [0x0000000740000000, 0x00000007c0000000)
  region size 1024K, 2 young (2048K), 2 survivors (2048K)
 Metaspace       used 141355K, capacity 146912K, committed 147648K, reserved 1177600K
  class space    used 17424K, capacity 19474K, committed 19968K, reserved 1048576K
}
Event: 2729.007 GC heap before
{Heap before GC invocations=157 (full 0):
 garbage-first heap   total 328704K, used 187401K [0x0000000740000000, 0x00000007c0000000)
  region size 1024K, 51 young (52224K), 2 survivors (2048K)
 Metaspace       used 141371K, capacity 146976K, committed 147648K, reserved 1177600K
  class space    used 17424K, capacity 19474K, committed 19968K, reserved 1048576K
}
Event: 2729.014 GC heap after
{Heap after GC invocations=158 (full 0):
 garbage-first heap   total 328704K, used 142146K [0x0000000740000000, 0x00000007c0000000)
  region size 1024K, 5 young (5120K), 5 survivors (5120K)
 Metaspace       used 141371K, capacity 146976K, committed 147648K, reserved 1177600K
  class space    used 17424K, capacity 19474K, committed 19968K, reserved 1048576K
}
Event: 2753.514 GC heap before
{Heap before GC invocations=159 (full 0):
 garbage-first heap   total 328704K, used 309058K [0x0000000740000000, 0x00000007c0000000)
  region size 1024K, 124 young (126976K), 5 survivors (5120K)
 Metaspace       used 141407K, capacity 146981K, committed 147648K, reserved 1177600K
  class space    used 17424K, capacity 19474K, committed 19968K, reserved 1048576K
}
Event: 2753.528 GC heap after
{Heap after GC invocations=160 (full 0):
 garbage-first heap   total 328704K, used 148558K [0x0000000740000000, 0x00000007c0000000)
  region size 1024K, 11 young (11264K), 11 survivors (11264K)
 Metaspace       used 141407K, capacity 146981K, committed 147648K, reserved 1177600K
  class space    used 17424K, capacity 19474K, committed 19968K, reserved 1048576K
}
Event: 2753.557 GC heap before
{Heap before GC invocations=160 (full 0):
 garbage-first heap   total 328704K, used 152654K [0x0000000740000000, 0x00000007c0000000)
  region size 1024K, 16 young (16384K), 11 survivors (11264K)
 Metaspace       used 141407K, capacity 146981K, committed 147648K, reserved 1177600K
  class space    used 17424K, capacity 19474K, committed 19968K, reserved 1048576K
}
Event: 2753.573 GC heap after
{Heap after GC invocations=161 (full 0):
 garbage-first heap   total 328704K, used 139180K [0x0000000740000000, 0x00000007c0000000)
  region size 1024K, 2 young (2048K), 2 survivors (2048K)
 Metaspace       used 141407K, capacity 146981K, committed 147648K, reserved 1177600K
  class space    used 17424K, capacity 19474K, committed 19968K, reserved 1048576K
}
Event: 2754.076 GC heap before
{Heap before GC invocations=161 (full 0):
 garbage-first heap   total 328704K, used 197548K [0x0000000740000000, 0x00000007c0000000)
  region size 1024K, 61 young (62464K), 2 survivors (2048K)
 Metaspace       used 141407K, capacity 146981K, committed 147648K, reserved 1177600K
  class space    used 17424K, capacity 19474K, committed 19968K, reserved 1048576K
}
Event: 2754.082 GC heap after
{Heap after GC invocations=162 (full 0):
 garbage-first heap   total 328704K, used 141740K [0x0000000740000000, 0x00000007c0000000)
  region size 1024K, 5 young (5120K), 5 survivors (5120K)
 Metaspace       used 141407K, capacity 146981K, committed 147648K, reserved 1177600K
  class space    used 17424K, capacity 19474K, committed 19968K, reserved 1048576K
}
Event: 2759.196 GC heap before
{Heap before GC invocations=163 (full 0):
 garbage-first heap   total 328704K, used 310700K [0x0000000740000000, 0x00000007c0000000)
  region size 1024K, 126 young (129024K), 5 survivors (5120K)
 Metaspace       used 141484K, capacity 147045K, committed 147648K, reserved 1177600K
  class space    used 17424K, capacity 19474K, committed 19968K, reserved 1048576K
}
Event: 2759.211 GC heap after
{Heap after GC invocations=164 (full 0):
 garbage-first heap   total 328704K, used 149004K [0x0000000740000000, 0x00000007c0000000)
  region size 1024K, 12 young (12288K), 12 survivors (12288K)
 Metaspace       used 141484K, capacity 147045K, committed 147648K, reserved 1177600K
  class space    used 17424K, capacity 19474K, committed 19968K, reserved 1048576K
}
Event: 2759.226 GC heap before
{Heap before GC invocations=164 (full 0):
 garbage-first heap   total 328704K, used 152076K [0x0000000740000000, 0x00000007c0000000)
  region size 1024K, 16 young (16384K), 12 survivors (12288K)
 Metaspace       used 141485K, capacity 147045K, committed 147648K, reserved 1177600K
  class space    used 17424K, capacity 19474K, committed 19968K, reserved 1048576K
}
Event: 2759.250 GC heap after
{Heap after GC invocations=165 (full 0):
 garbage-first heap   total 328704K, used 139820K [0x0000000740000000, 0x00000007c0000000)
  region size 1024K, 2 young (2048K), 2 survivors (2048K)
 Metaspace       used 141485K, capacity 147045K, committed 147648K, reserved 1177600K
  class space    used 17424K, capacity 19474K, committed 19968K, reserved 1048576K
}
Event: 2809.680 GC heap before
{Heap before GC invocations=165 (full 0):
 garbage-first heap   total 328704K, used 265772K [0x0000000740000000, 0x00000007c0000000)
  region size 1024K, 126 young (129024K), 2 survivors (2048K)
 Metaspace       used 141672K, capacity 147257K, committed 147904K, reserved 1177600K
  class space    used 17469K, capacity 19548K, committed 19968K, reserved 1048576K
}
Event: 2809.718 GC heap after
{Heap after GC invocations=166 (full 0):
 garbage-first heap   total 328704K, used 149992K [0x0000000740000000, 0x00000007c0000000)
  region size 1024K, 12 young (12288K), 12 survivors (12288K)
 Metaspace       used 141672K, capacity 147257K, committed 147904K, reserved 1177600K
  class space    used 17469K, capacity 19548K, committed 19968K, reserved 1048576K
}
Event: 2812.186 GC heap before
{Heap before GC invocations=167 (full 0):
 garbage-first heap   total 328704K, used 311784K [0x0000000740000000, 0x00000007c0000000)
  region size 1024K, 126 young (129024K), 12 survivors (12288K)
 Metaspace       used 141815K, capacity 147401K, committed 147904K, reserved 1177600K
  class space    used 17470K, capacity 19548K, committed 19968K, reserved 1048576K
}
Event: 2812.193 GC heap after
{Heap after GC invocations=168 (full 0):
 garbage-first heap   total 328704K, used 146352K [0x0000000740000000, 0x00000007c0000000)
  region size 1024K, 6 young (6144K), 6 survivors (6144K)
 Metaspace       used 141815K, capacity 147401K, committed 147904K, reserved 1177600K
  class space    used 17470K, capacity 19548K, committed 19968K, reserved 1048576K
}
Event: 2812.231 GC heap before
{Heap before GC invocations=168 (full 0):
 garbage-first heap   total 328704K, used 156592K [0x0000000740000000, 0x00000007c0000000)
  region size 1024K, 16 young (16384K), 6 survivors (6144K)
 Metaspace       used 141819K, capacity 147404K, committed 147904K, reserved 1177600K
  class space    used 17470K, capacity 19548K, committed 19968K, reserved 1048576K
}
Event: 2812.248 GC heap after
{Heap after GC invocations=169 (full 0):
 garbage-first heap   total 328704K, used 137295K [0x0000000740000000, 0x00000007c0000000)
  region size 1024K, 2 young (2048K), 2 survivors (2048K)
 Metaspace       used 141819K, capacity 147404K, committed 147904K, reserved 1177600K
  class space    used 17470K, capacity 19548K, committed 19968K, reserved 1048576K
}
Event: 2836.220 GC heap before
{Heap before GC invocations=169 (full 0):
 garbage-first heap   total 328704K, used 263247K [0x0000000740000000, 0x00000007c0000000)
  region size 1024K, 126 young (129024K), 2 survivors (2048K)
 Metaspace       used 141849K, capacity 147406K, committed 147904K, reserved 1177600K
  class space    used 17471K, capacity 19548K, committed 19968K, reserved 1048576K
}

